<?xml version="1.0" encoding="UTF-8"?>
<!-- Generated by org.testng.reporters.JUnitXMLReporter -->
<testsuite hostname="DESKTOP-7PHU205" ignored="4" name="Default test" tests="1" failures="0" timestamp="2022-02-22T11:19:57 IST" time="5.052" errors="0">
  <testcase name="get_the_title_of_website" time="0.035" classname="StepDefinations.basicgooglesearchsteps"/>
  <testcase name="i_search_insert_company_name_in_search_box" time="0.0" classname="StepDefinations.basicgooglesearchsteps">
    <ignored/>
  </testcase> <!-- i_search_insert_company_name_in_search_box -->
  <testcase name="runScenario" time="0.0" classname="io.cucumber.testng.AbstractTestNGCucumberTests">
    <ignored/>
  </testcase> <!-- runScenario -->
  <testcase name="it_will_start_search_with_keyword" time="0.0" classname="StepDefinations.basicgooglesearchsteps">
    <ignored/>
  </testcase> <!-- it_will_start_search_with_keyword -->
  <testcase name="i_have_chrome_browser" time="0.0" classname="StepDefinations.basicgooglesearchsteps">
    <ignored/>
  </testcase> <!-- i_have_chrome_browser -->
</testsuite> <!-- Default test -->
