<?xml version="1.0" encoding="UTF-8"?>
<!-- Generated by org.testng.reporters.JUnitXMLReporter -->
<testsuite hostname="DESKTOP-7PHU205" ignored="0" name="Default test" tests="1" failures="1" timestamp="2022-02-23T14:57:06 IST" time="17.395" errors="0">
  <testcase name="runScenario" time="8.238" classname="io.cucumber.testng.AbstractTestNGCucumberTests">
    <failure type="java.lang.AssertionError" message="expected [Datagardener LTD - Google Search] but found [Datagardener]">
      <![CDATA[java.lang.AssertionError: expected [Datagardener LTD - Google Search] but found [Datagardener]
at org.testng.Assert.fail(Assert.java:99)
at org.testng.Assert.failNotEquals(Assert.java:1037)
at org.testng.Assert.assertEqualsImpl(Assert.java:140)
at org.testng.Assert.assertEquals(Assert.java:122)
at org.testng.Assert.assertEquals(Assert.java:629)
at org.testng.Assert.assertEquals(Assert.java:639)
at StepDefinations.basicgooglesearchsteps.get_the_title_of_website(basicgooglesearchsteps.java:64)
at ✽.Get the title of website(file:///D:/java_auto/java_cucumber_testNG/src/test/java/Features/google.feature:7)
]]>
    </failure>
  </testcase> <!-- runScenario -->
</testsuite> <!-- Default test -->
