<?xml version="1.0" encoding="UTF-8"?>
<testng-results skipped="0" failed="0" ignored="0" total="1" passed="1">
  <reporter-output>
  </reporter-output>
  <suite name="Suite" duration-ms="15865" started-at="2022-02-18T22:29:59 IST" finished-at="2022-02-18T22:30:15 IST">
    <groups>
      <group name="cucumber">
        <method signature="AbstractTestNGCucumberTests.runScenario(io.cucumber.testng.PickleWrapper,io.cucumber.testng.FeatureWrapper)[pri:0, instance:StepDefinations.basicgooglesearchsteps@158d2680]" name="runScenario" class="io.cucumber.testng.AbstractTestNGCucumberTests"/>
      </group> <!-- cucumber -->
    </groups>
    <test name="Test" duration-ms="15865" started-at="2022-02-18T22:29:59 IST" finished-at="2022-02-18T22:30:15 IST">
      <class name="StepDefinations.basicgooglesearchsteps">
        <test-method status="PASS" signature="setUpClass(org.testng.ITestContext)[pri:0, instance:StepDefinations.basicgooglesearchsteps@158d2680]" name="setUpClass" is-config="true" duration-ms="284" started-at="2022-02-18T22:29:59 IST" finished-at="2022-02-18T22:29:59 IST">
          <params>
            <param index="0">
              <value>
                <![CDATA[org.testng.TestRunner@2c6aed22]]>
              </value>
            </param>
          </params>
          <reporter-output>
          </reporter-output>
        </test-method> <!-- setUpClass -->
        <test-method status="PASS" signature="setUpClass()[pri:0, instance:StepDefinations.basicgooglesearchsteps@158d2680]" name="setUpClass" is-config="true" duration-ms="2878" started-at="2022-02-18T22:29:59 IST" finished-at="2022-02-18T22:30:02 IST">
          <reporter-output>
          </reporter-output>
        </test-method> <!-- setUpClass -->
        <test-method status="PASS" signature="runScenario(io.cucumber.testng.PickleWrapper,io.cucumber.testng.FeatureWrapper)[pri:0, instance:StepDefinations.basicgooglesearchsteps@158d2680]" name="runScenario" duration-ms="7882" started-at="2022-02-18T22:30:02 IST" description="Runs Cucumber Scenarios" data-provider="scenarios" finished-at="2022-02-18T22:30:10 IST">
          <params>
            <param index="0">
              <value>
                <![CDATA["Want to search a company"]]>
              </value>
            </param>
            <param index="1">
              <value>
                <![CDATA["Optional[Basic serach on Google]"]]>
              </value>
            </param>
          </params>
          <reporter-output>
          </reporter-output>
        </test-method> <!-- runScenario -->
        <test-method status="PASS" signature="tearDownClass()[pri:0, instance:StepDefinations.basicgooglesearchsteps@158d2680]" name="tearDownClass" is-config="true" duration-ms="4736" started-at="2022-02-18T22:30:10 IST" finished-at="2022-02-18T22:30:15 IST">
          <reporter-output>
          </reporter-output>
        </test-method> <!-- tearDownClass -->
      </class> <!-- StepDefinations.basicgooglesearchsteps -->
    </test> <!-- Test -->
  </suite> <!-- Suite -->
</testng-results>
