<?xml version="1.0" encoding="UTF-8"?>
<testsuite xmlns:xsi="http://www.w3.org/2001/XMLSchema-instance" xsi:noNamespaceSchemaLocation="https://maven.apache.org/surefire/maven-surefire-plugin/xsd/surefire-test-report-3.0.xsd" version="3.0" name="TestSuite" time="18.546" tests="1" errors="0" skipped="0" failures="0">
  <properties>
[...]
</properties>
  <testcase name="runScenario[&quot;Want to search a company&quot;, &quot;Optional[Basic serach on Google]&quot;](1)" classname="StepDefinations.basicgooglesearchsteps" time="8.346">
    <system-out><![CDATA[
Scenario: Want to search a company                # src/test/java/Features/google.feature:3
We are using Chrome Browser
  Given I have chrome browser                     # StepDefinations.basicgooglesearchsteps.i_have_chrome_browser()
  When i search insert company name in search box # StepDefinations.basicgooglesearchsteps.i_search_insert_company_name_in_search_box()
  Then it will start search with keyword          # StepDefinations.basicgooglesearchsteps.it_will_start_search_with_keyword()
Title of website is :  Datagardener LTD - Google Search
  And Get the title of website                    # StepDefinations.basicgooglesearchsteps.get_the_title_of_website()
]]></system-out>
    <system-err><![CDATA[log4j:WARN No appenders could be found for logger (io.netty.util.internal.logging.InternalLoggerFactory).
log4j:WARN Please initialize the log4j system properly.
log4j:WARN See http://logging.apache.org/log4j/1.2/faq.html#noconfig for more info.
Starting ChromeDriver 98.0.4758.102 (273bf7ac8c909cde36982d27f66f3c70846a3718-refs/branch-heads/4758@{#1151}) on port 49185
Only local connections are allowed.
Please see https://chromedriver.chromium.org/security-considerations for suggestions on keeping ChromeDriver safe.
ChromeDriver was started successfully.
Feb 22, 2022 11:49:47 AM org.openqa.selenium.remote.ProtocolHandshake createSession
INFO: Detected dialect: W3C
Feb 22, 2022 11:49:48 AM org.openqa.selenium.devtools.CdpVersionFinder findNearestMatch
WARNING: Unable to find an exact match for CDP version 98, so returning the closest version found: 97
Feb 22, 2022 11:49:48 AM org.openqa.selenium.devtools.CdpVersionFinder findNearestMatch
INFO: Found CDP implementation for version 98 of 97
]]></system-err>
  </testcase>
</testsuite>