<?xml version="1.0" encoding="UTF-8"?>
<testng-results skipped="0" failed="0" ignored="0" total="1" passed="1">
  <reporter-output>
  </reporter-output>
  <suite name="Suite" duration-ms="17009" started-at="2022-02-23T20:14:25 IST" finished-at="2022-02-23T20:14:42 IST">
    <groups>
      <group name="cucumber">
        <method signature="AbstractTestNGCucumberTests.runScenario(io.cucumber.testng.PickleWrapper,io.cucumber.testng.FeatureWrapper)[pri:0, instance:StepDefinations.basicgooglesearchsteps@6a74d228]" name="runScenario" class="io.cucumber.testng.AbstractTestNGCucumberTests"/>
      </group> <!-- cucumber -->
    </groups>
    <test name="Test" duration-ms="17009" started-at="2022-02-23T20:14:25 IST" finished-at="2022-02-23T20:14:42 IST">
      <class name="StepDefinations.basicgooglesearchsteps">
        <test-method status="PASS" signature="setUpClass(org.testng.ITestContext)[pri:0, instance:StepDefinations.basicgooglesearchsteps@6a74d228]" name="setUpClass" is-config="true" duration-ms="666" started-at="2022-02-23T20:14:25 IST" finished-at="2022-02-23T20:14:26 IST">
          <params>
            <param index="0">
              <value>
                <![CDATA[org.testng.TestRunner@40edc64e]]>
              </value>
            </param>
          </params>
          <reporter-output>
          </reporter-output>
        </test-method> <!-- setUpClass -->
        <test-method status="PASS" signature="setUpClass()[pri:0, instance:StepDefinations.basicgooglesearchsteps@6a74d228]" name="setUpClass" is-config="true" duration-ms="3604" started-at="2022-02-23T20:14:26 IST" finished-at="2022-02-23T20:14:29 IST">
          <reporter-output>
          </reporter-output>
        </test-method> <!-- setUpClass -->
        <test-method status="PASS" signature="runScenario(io.cucumber.testng.PickleWrapper,io.cucumber.testng.FeatureWrapper)[pri:0, instance:StepDefinations.basicgooglesearchsteps@6a74d228]" name="runScenario" duration-ms="7847" started-at="2022-02-23T20:14:29 IST" description="Runs Cucumber Scenarios" data-provider="scenarios" finished-at="2022-02-23T20:14:37 IST">
          <params>
            <param index="0">
              <value>
                <![CDATA["Want to search a company"]]>
              </value>
            </param>
            <param index="1">
              <value>
                <![CDATA["Optional[Basic serach on Google]"]]>
              </value>
            </param>
          </params>
          <reporter-output>
          </reporter-output>
        </test-method> <!-- runScenario -->
        <test-method status="PASS" signature="tearDownClass()[pri:0, instance:StepDefinations.basicgooglesearchsteps@6a74d228]" name="tearDownClass" is-config="true" duration-ms="4736" started-at="2022-02-23T20:14:37 IST" finished-at="2022-02-23T20:14:42 IST">
          <reporter-output>
          </reporter-output>
        </test-method> <!-- tearDownClass -->
      </class> <!-- StepDefinations.basicgooglesearchsteps -->
    </test> <!-- Test -->
  </suite> <!-- Suite -->
</testng-results>
