<?xml version="1.0" encoding="UTF-8"?>
<testng-results ignored="0" total="1" passed="1" failed="0" skipped="0">
  <reporter-output>
  </reporter-output>
  <suite started-at="2022-02-18T19:19:41 IST" name="Suite" finished-at="2022-02-18T19:19:53 IST" duration-ms="12025">
    <groups>
      <group name="cucumber">
        <method signature="AbstractTestNGCucumberTests.runScenario(io.cucumber.testng.PickleWrapper,io.cucumber.testng.FeatureWrapper)[pri:0, instance:StepDefinations.basicgooglesearchsteps@3d1848cc]" name="runScenario" class="io.cucumber.testng.AbstractTestNGCucumberTests"/>
      </group> <!-- cucumber -->
    </groups>
    <test started-at="2022-02-18T19:19:41 IST" name="Test" finished-at="2022-02-18T19:19:53 IST" duration-ms="12025">
      <class name="StepDefinations.basicgooglesearchsteps">
        <test-method is-config="true" signature="setUpClass(org.testng.ITestContext)[pri:0, instance:StepDefinations.basicgooglesearchsteps@3d1848cc]" started-at="2022-02-18T19:19:41 IST" name="setUpClass" finished-at="2022-02-18T19:19:41 IST" duration-ms="254" status="PASS">
          <params>
            <param index="0">
              <value>
                <![CDATA[org.testng.TestRunner@7061622]]>
              </value>
            </param>
          </params>
          <reporter-output>
          </reporter-output>
        </test-method> <!-- setUpClass -->
        <test-method is-config="true" signature="setUpClass()[pri:0, instance:StepDefinations.basicgooglesearchsteps@3d1848cc]" started-at="2022-02-18T19:19:41 IST" name="setUpClass" finished-at="2022-02-18T19:19:44 IST" duration-ms="2207" status="PASS">
          <reporter-output>
          </reporter-output>
        </test-method> <!-- setUpClass -->
        <test-method signature="runScenario(io.cucumber.testng.PickleWrapper,io.cucumber.testng.FeatureWrapper)[pri:0, instance:StepDefinations.basicgooglesearchsteps@3d1848cc]" started-at="2022-02-18T19:19:44 IST" name="runScenario" description="Runs Cucumber Scenarios" data-provider="scenarios" finished-at="2022-02-18T19:19:52 IST" duration-ms="8522" status="PASS">
          <params>
            <param index="0">
              <value>
                <![CDATA["Want to search a company"]]>
              </value>
            </param>
            <param index="1">
              <value>
                <![CDATA["Optional[Basic serach on Google]"]]>
              </value>
            </param>
          </params>
          <reporter-output>
          </reporter-output>
        </test-method> <!-- runScenario -->
        <test-method is-config="true" signature="tearDownClass()[pri:0, instance:StepDefinations.basicgooglesearchsteps@3d1848cc]" started-at="2022-02-18T19:19:52 IST" name="tearDownClass" finished-at="2022-02-18T19:19:53 IST" duration-ms="807" status="PASS">
          <reporter-output>
          </reporter-output>
        </test-method> <!-- tearDownClass -->
      </class> <!-- StepDefinations.basicgooglesearchsteps -->
    </test> <!-- Test -->
  </suite> <!-- Suite -->
</testng-results>
